<html>
<head>
<title>TestNG:  Test</title>
<link href="../testng.css" rel="stylesheet" type="text/css" />
<link href="../my-testng.css" rel="stylesheet" type="text/css" />

<style type="text/css">
.log { display: none;} 
.stack-trace { display: none;} 
</style>
<script type="text/javascript">
<!--
function flip(e) {
  current = e.style.display;
  if (current == 'block') {
    e.style.display = 'none';
    return 0;
  }
  else {
    e.style.display = 'block';
    return 1;
  }
}

function toggleBox(szDivId, elem, msg1, msg2)
{
  var res = -1;  if (document.getElementById) {
    res = flip(document.getElementById(szDivId));
  }
  else if (document.all) {
    // this is the way old msie versions work
    res = flip(document.all[szDivId]);
  }
  if(elem) {
    if(res == 0) elem.innerHTML = msg1; else elem.innerHTML = msg2;
  }

}

function toggleAllBoxes() {
  if (document.getElementsByTagName) {
    d = document.getElementsByTagName('div');
    for (i = 0; i < d.length; i++) {
      if (d[i].className == 'log') {
        flip(d[i]);
      }
    }
  }
}

// -->
</script>

</head>
<body>
<h2 align='center'>Test</h2><table border='1' align="center">
<tr>
<td>Tests passed/Failed/Skipped:</td><td>0/0/3</td>
</tr><tr>
<td>Started on:</td><td>Tue May 31 13:01:00 IST 2022</td>
</tr>
<tr><td>Total time:</td><td>0 seconds (186 ms)</td>
</tr><tr>
<td>Included groups:</td><td></td>
</tr><tr>
<td>Excluded groups:</td><td></td>
</tr>
</table><p/>
<small><i>(Hover the method name to see the test class name)</i></small><p/>
<table width='100%' border='1' class='invocation-failed'>
<tr><td colspan='4' align='center'><b>FAILED CONFIGURATIONS</b></td></tr>
<tr><td><b>Test method</b></td>
<td width="30%"><b>Exception</b></td>
<td width="10%"><b>Time (seconds)</b></td>
<td><b>Instance</b></td>
</tr>
<tr>
<td title='testClass.VerifyDirectory.openBrowser()'><b>openBrowser</b><br>Test class: testClass.VerifyDirectory</td>
<td><div><pre>org.testng.TestNGException: 
Parameter &apos;browserName&apos; is required by BeforeTest on method openBrowser but has not been marked @Optional or defined
in C:\Users\PRANAY\eclipse-workspace\orangehrmautomation\parallel.xml
	at java.base/java.util.concurrent.FutureTask.run(FutureTask.java:264)
	at java.base/java.util.concurrent.ThreadPoolExecutor.runWorker(ThreadPoolExecutor.java:1136)
	at java.base/java.util.concurrent.ThreadPoolExecutor$Worker.run(ThreadPoolExecutor.java:635)
	at java.base/java.lang.Thread.run(Thread.java:833)
... Removed 12 stack frames</pre></div><a href='#' onClick='toggleBox("stack-trace1198603057", this, "Click to show all stack frames", "Click to hide stack frames")'>Click to show all stack frames</a>
<div class='stack-trace' id='stack-trace1198603057'><pre>org.testng.TestNGException: 
Parameter &apos;browserName&apos; is required by BeforeTest on method openBrowser but has not been marked @Optional or defined
in C:\Users\PRANAY\eclipse-workspace\orangehrmautomation\parallel.xml
	at org.testng.internal.Parameters.createParams(Parameters.java:270)
	at org.testng.internal.Parameters.createParametersForMethod(Parameters.java:358)
	at org.testng.internal.Parameters.createParameters(Parameters.java:700)
	at org.testng.internal.Parameters.createConfigurationParameters(Parameters.java:168)
	at org.testng.internal.ConfigInvoker.invokeConfigurations(ConfigInvoker.java:302)
	at org.testng.TestRunner.invokeTestConfigurations(TestRunner.java:637)
	at org.testng.TestRunner.beforeRun(TestRunner.java:627)
	at org.testng.TestRunner.run(TestRunner.java:589)
	at org.testng.SuiteRunner.runTest(SuiteRunner.java:377)
	at org.testng.SuiteRunner.access$000(SuiteRunner.java:28)
	at org.testng.SuiteRunner$SuiteWorker.run(SuiteRunner.java:418)
	at org.testng.internal.thread.ThreadUtil.lambda$execute$0(ThreadUtil.java:64)
	at java.base/java.util.concurrent.FutureTask.run(FutureTask.java:264)
	at java.base/java.util.concurrent.ThreadPoolExecutor.runWorker(ThreadPoolExecutor.java:1136)
	at java.base/java.util.concurrent.ThreadPoolExecutor$Worker.run(ThreadPoolExecutor.java:635)
	at java.base/java.lang.Thread.run(Thread.java:833)
</pre></div></td>
<td>-1653982260</td>
<td>testClass.VerifyDirectory@635eaaf1</td></tr>
</table><p>
<table width='100%' border='1' class='invocation-skipped'>
<tr><td colspan='4' align='center'><b>SKIPPED CONFIGURATIONS</b></td></tr>
<tr><td><b>Test method</b></td>
<td width="30%"><b>Exception</b></td>
<td width="10%"><b>Time (seconds)</b></td>
<td><b>Instance</b></td>
</tr>
<tr>
<td title='testClass.VerifyOrange.openBrowser()'><b>openBrowser</b><br>Test class: testClass.VerifyOrange</td>
<td></td>
<td>-1653982260</td>
<td>testClass.VerifyOrange@1817d444</td></tr>
<tr>
<td title='testClass.VerifyDirectory.closebrowser()'><b>closebrowser</b><br>Test class: testClass.VerifyDirectory</td>
<td></td>
<td>-1653982261</td>
<td>testClass.VerifyDirectory@635eaaf1</td></tr>
<tr>
<td title='testClass.VerifyOrange.closeBrowser()'><b>closeBrowser</b><br>Test class: testClass.VerifyOrange</td>
<td></td>
<td>-1653982261</td>
<td>testClass.VerifyOrange@1817d444</td></tr>
<tr>
<td title='testClass.VerifyOrange.creatObjectOfPOMclass()'><b>creatObjectOfPOMclass</b><br>Test class: testClass.VerifyOrange</td>
<td></td>
<td>-1653982261</td>
<td>testClass.VerifyOrange@1817d444</td></tr>
<tr>
<td title='testClass.VerifyOrange.loginToApplication()'><b>loginToApplication</b><br>Test class: testClass.VerifyOrange</td>
<td></td>
<td>-1653982261</td>
<td>testClass.VerifyOrange@1817d444</td></tr>
<tr>
<td title='testClass.VerifyDirectory.logOutFromApplication()'><b>logOutFromApplication</b><br>Test class: testClass.VerifyDirectory</td>
<td></td>
<td>-1653982261</td>
<td>testClass.VerifyDirectory@635eaaf1</td></tr>
<tr>
<td title='testClass.VerifyDirectory.loginToApplication()'><b>loginToApplication</b><br>Test class: testClass.VerifyDirectory</td>
<td></td>
<td>-1653982261</td>
<td>testClass.VerifyDirectory@635eaaf1</td></tr>
<tr>
<td title='testClass.VerifyDirectory.logOutFromApplication()'><b>logOutFromApplication</b><br>Test class: testClass.VerifyDirectory</td>
<td></td>
<td>-1653982261</td>
<td>testClass.VerifyDirectory@635eaaf1</td></tr>
<tr>
<td title='testClass.VerifyOrange.closebrowser()'><b>closebrowser</b><br>Test class: testClass.VerifyOrange</td>
<td></td>
<td>-1653982261</td>
<td>testClass.VerifyOrange@1817d444</td></tr>
<tr>
<td title='testClass.VerifyDirectory.closeBrowser()'><b>closeBrowser</b><br>Test class: testClass.VerifyDirectory</td>
<td></td>
<td>-1653982261</td>
<td>testClass.VerifyDirectory@635eaaf1</td></tr>
<tr>
<td title='testClass.VerifyOrange.logOutFromApplication()'><b>logOutFromApplication</b><br>Test class: testClass.VerifyOrange</td>
<td></td>
<td>-1653982261</td>
<td>testClass.VerifyOrange@1817d444</td></tr>
<tr>
<td title='testClass.VerifyDirectory.creatObjectOfPOMclass()'><b>creatObjectOfPOMclass</b><br>Test class: testClass.VerifyDirectory</td>
<td></td>
<td>-1653982260</td>
<td>testClass.VerifyDirectory@635eaaf1</td></tr>
<tr>
<td title='testClass.VerifyDirectory.loginToApplication()'><b>loginToApplication</b><br>Test class: testClass.VerifyDirectory</td>
<td></td>
<td>-1653982261</td>
<td>testClass.VerifyDirectory@635eaaf1</td></tr>
</table><p>
<table width='100%' border='1' class='invocation-skipped'>
<tr><td colspan='4' align='center'><b>SKIPPED TESTS</b></td></tr>
<tr><td><b>Test method</b></td>
<td width="30%"><b>Exception</b></td>
<td width="10%"><b>Time (seconds)</b></td>
<td><b>Instance</b></td>
</tr>
<tr>
<td title='testClass.VerifyOrange.test()'><b>test</b><br>Test class: testClass.VerifyOrange</td>
<td><div><pre>org.testng.TestNGException: 
Parameter &apos;browserName&apos; is required by BeforeTest on method openBrowser but has not been marked @Optional or defined
in C:\Users\PRANAY\eclipse-workspace\orangehrmautomation\parallel.xml
	at java.base/java.util.concurrent.FutureTask.run(FutureTask.java:264)
	at java.base/java.util.concurrent.ThreadPoolExecutor.runWorker(ThreadPoolExecutor.java:1136)
	at java.base/java.util.concurrent.ThreadPoolExecutor$Worker.run(ThreadPoolExecutor.java:635)
	at java.base/java.lang.Thread.run(Thread.java:833)
... Removed 12 stack frames</pre></div><a href='#' onClick='toggleBox("stack-trace1886707444", this, "Click to show all stack frames", "Click to hide stack frames")'>Click to show all stack frames</a>
<div class='stack-trace' id='stack-trace1886707444'><pre>org.testng.TestNGException: 
Parameter &apos;browserName&apos; is required by BeforeTest on method openBrowser but has not been marked @Optional or defined
in C:\Users\PRANAY\eclipse-workspace\orangehrmautomation\parallel.xml
	at org.testng.internal.Parameters.createParams(Parameters.java:270)
	at org.testng.internal.Parameters.createParametersForMethod(Parameters.java:358)
	at org.testng.internal.Parameters.createParameters(Parameters.java:700)
	at org.testng.internal.Parameters.createConfigurationParameters(Parameters.java:168)
	at org.testng.internal.ConfigInvoker.invokeConfigurations(ConfigInvoker.java:302)
	at org.testng.TestRunner.invokeTestConfigurations(TestRunner.java:637)
	at org.testng.TestRunner.beforeRun(TestRunner.java:627)
	at org.testng.TestRunner.run(TestRunner.java:589)
	at org.testng.SuiteRunner.runTest(SuiteRunner.java:377)
	at org.testng.SuiteRunner.access$000(SuiteRunner.java:28)
	at org.testng.SuiteRunner$SuiteWorker.run(SuiteRunner.java:418)
	at org.testng.internal.thread.ThreadUtil.lambda$execute$0(ThreadUtil.java:64)
	at java.base/java.util.concurrent.FutureTask.run(FutureTask.java:264)
	at java.base/java.util.concurrent.ThreadPoolExecutor.runWorker(ThreadPoolExecutor.java:1136)
	at java.base/java.util.concurrent.ThreadPoolExecutor$Worker.run(ThreadPoolExecutor.java:635)
	at java.base/java.lang.Thread.run(Thread.java:833)
</pre></div></td>
<td>0</td>
<td>testClass.VerifyOrange@1817d444</td></tr>
<tr>
<td title='testClass.VerifyDirectory.verifyTime()'><b>verifyTime</b><br>Test class: testClass.VerifyDirectory</td>
<td><div><pre>org.testng.TestNGException: 
Parameter &apos;browserName&apos; is required by BeforeTest on method openBrowser but has not been marked @Optional or defined
in C:\Users\PRANAY\eclipse-workspace\orangehrmautomation\parallel.xml
	at java.base/java.util.concurrent.FutureTask.run(FutureTask.java:264)
	at java.base/java.util.concurrent.ThreadPoolExecutor.runWorker(ThreadPoolExecutor.java:1136)
	at java.base/java.util.concurrent.ThreadPoolExecutor$Worker.run(ThreadPoolExecutor.java:635)
	at java.base/java.lang.Thread.run(Thread.java:833)
... Removed 12 stack frames</pre></div><a href='#' onClick='toggleBox("stack-trace1838845234", this, "Click to show all stack frames", "Click to hide stack frames")'>Click to show all stack frames</a>
<div class='stack-trace' id='stack-trace1838845234'><pre>org.testng.TestNGException: 
Parameter &apos;browserName&apos; is required by BeforeTest on method openBrowser but has not been marked @Optional or defined
in C:\Users\PRANAY\eclipse-workspace\orangehrmautomation\parallel.xml
	at org.testng.internal.Parameters.createParams(Parameters.java:270)
	at org.testng.internal.Parameters.createParametersForMethod(Parameters.java:358)
	at org.testng.internal.Parameters.createParameters(Parameters.java:700)
	at org.testng.internal.Parameters.createConfigurationParameters(Parameters.java:168)
	at org.testng.internal.ConfigInvoker.invokeConfigurations(ConfigInvoker.java:302)
	at org.testng.TestRunner.invokeTestConfigurations(TestRunner.java:637)
	at org.testng.TestRunner.beforeRun(TestRunner.java:627)
	at org.testng.TestRunner.run(TestRunner.java:589)
	at org.testng.SuiteRunner.runTest(SuiteRunner.java:377)
	at org.testng.SuiteRunner.access$000(SuiteRunner.java:28)
	at org.testng.SuiteRunner$SuiteWorker.run(SuiteRunner.java:418)
	at org.testng.internal.thread.ThreadUtil.lambda$execute$0(ThreadUtil.java:64)
	at java.base/java.util.concurrent.FutureTask.run(FutureTask.java:264)
	at java.base/java.util.concurrent.ThreadPoolExecutor.runWorker(ThreadPoolExecutor.java:1136)
	at java.base/java.util.concurrent.ThreadPoolExecutor$Worker.run(ThreadPoolExecutor.java:635)
	at java.base/java.lang.Thread.run(Thread.java:833)
</pre></div></td>
<td>0</td>
<td>testClass.VerifyDirectory@635eaaf1</td></tr>
<tr>
<td title='testClass.VerifyDirectory.test()'><b>test</b><br>Test class: testClass.VerifyDirectory</td>
<td><div><pre>org.testng.TestNGException: 
Parameter &apos;browserName&apos; is required by BeforeTest on method openBrowser but has not been marked @Optional or defined
in C:\Users\PRANAY\eclipse-workspace\orangehrmautomation\parallel.xml
	at java.base/java.util.concurrent.FutureTask.run(FutureTask.java:264)
	at java.base/java.util.concurrent.ThreadPoolExecutor.runWorker(ThreadPoolExecutor.java:1136)
	at java.base/java.util.concurrent.ThreadPoolExecutor$Worker.run(ThreadPoolExecutor.java:635)
	at java.base/java.lang.Thread.run(Thread.java:833)
... Removed 12 stack frames</pre></div><a href='#' onClick='toggleBox("stack-trace356433425", this, "Click to show all stack frames", "Click to hide stack frames")'>Click to show all stack frames</a>
<div class='stack-trace' id='stack-trace356433425'><pre>org.testng.TestNGException: 
Parameter &apos;browserName&apos; is required by BeforeTest on method openBrowser but has not been marked @Optional or defined
in C:\Users\PRANAY\eclipse-workspace\orangehrmautomation\parallel.xml
	at org.testng.internal.Parameters.createParams(Parameters.java:270)
	at org.testng.internal.Parameters.createParametersForMethod(Parameters.java:358)
	at org.testng.internal.Parameters.createParameters(Parameters.java:700)
	at org.testng.internal.Parameters.createConfigurationParameters(Parameters.java:168)
	at org.testng.internal.ConfigInvoker.invokeConfigurations(ConfigInvoker.java:302)
	at org.testng.TestRunner.invokeTestConfigurations(TestRunner.java:637)
	at org.testng.TestRunner.beforeRun(TestRunner.java:627)
	at org.testng.TestRunner.run(TestRunner.java:589)
	at org.testng.SuiteRunner.runTest(SuiteRunner.java:377)
	at org.testng.SuiteRunner.access$000(SuiteRunner.java:28)
	at org.testng.SuiteRunner$SuiteWorker.run(SuiteRunner.java:418)
	at org.testng.internal.thread.ThreadUtil.lambda$execute$0(ThreadUtil.java:64)
	at java.base/java.util.concurrent.FutureTask.run(FutureTask.java:264)
	at java.base/java.util.concurrent.ThreadPoolExecutor.runWorker(ThreadPoolExecutor.java:1136)
	at java.base/java.util.concurrent.ThreadPoolExecutor$Worker.run(ThreadPoolExecutor.java:635)
	at java.base/java.lang.Thread.run(Thread.java:833)
</pre></div></td>
<td>0</td>
<td>testClass.VerifyDirectory@635eaaf1</td></tr>
</table><p>
</body>
</html>